<?xml version="1.0" encoding="UTF-8" ?>
<testsuite tests="15" failures="0" name="impostos.TrabalhadorContaOutremTest" time="0.133" errors="0" skipped="13">
  <properties>
    <property name="java.runtime.name" value="Java(TM) SE Runtime Environment"/>
    <property name="sun.boot.library.path" value="C:\Program Files\Java\jdk1.8.0_141\jre\bin"/>
    <property name="java.vm.version" value="25.141-b15"/>
    <property name="java.vm.vendor" value="Oracle Corporation"/>
    <property name="java.vendor.url" value="http://java.oracle.com/"/>
    <property name="path.separator" value=";"/>
    <property name="guice.disable.misplaced.annotation.check" value="true"/>
    <property name="java.vm.name" value="Java HotSpot(TM) 64-Bit Server VM"/>
    <property name="file.encoding.pkg" value="sun.io"/>
    <property name="user.script" value=""/>
    <property name="user.country" value="PT"/>
    <property name="sun.java.launcher" value="SUN_STANDARD"/>
    <property name="sun.os.patch.level" value=""/>
    <property name="test" value="impostos.TrabalhadorContaOutremTest"/>
    <property name="java.vm.specification.name" value="Java Virtual Machine Specification"/>
    <property name="user.dir" value="C:\_Dulce\Aulas\PPROG_2017_18\AulasPL\PL5\PL10-ImpostosComInterfacesEEquals\PL10-ImpostosComInterfacesEEquals"/>
    <property name="java.runtime.version" value="1.8.0_141-b15"/>
    <property name="java.awt.graphicsenv" value="sun.awt.Win32GraphicsEnvironment"/>
    <property name="java.endorsed.dirs" value="C:\Program Files\Java\jdk1.8.0_141\jre\lib\endorsed"/>
    <property name="os.arch" value="amd64"/>
    <property name="java.io.tmpdir" value="C:\Users\Dulce\AppData\Local\Temp\"/>
    <property name="line.separator" value="
"/>
    <property name="java.vm.specification.vendor" value="Oracle Corporation"/>
    <property name="user.variant" value=""/>
    <property name="os.name" value="Windows 10"/>
    <property name="maven.ext.class.path" value="C:\Program Files\NetBeans 8.2\java\maven-nblib\netbeans-eventspy.jar"/>
    <property name="classworlds.conf" value="C:\Program Files\NetBeans 8.2\java\maven\bin\m2.conf"/>
    <property name="sun.jnu.encoding" value="Cp1252"/>
    <property name="java.library.path" value="C:\Program Files\Java\jdk1.8.0_141\bin;C:\WINDOWS\Sun\Java\bin;C:\WINDOWS\system32;C:\WINDOWS;C:\ProgramData\Oracle\Java\javapath;C:\Program Files (x86)\Intel\iCLS Client\;C:\Program Files\Intel\iCLS Client\;C:\WINDOWS\system32;C:\WINDOWS;C:\WINDOWS\System32\Wbem;C:\WINDOWS\System32\WindowsPowerShell\v1.0\;C:\Program Files\Intel\Intel(R) Management Engine Components\DAL;C:\Program Files (x86)\Intel\Intel(R) Management Engine Components\DAL;C:\Program Files\Intel\Intel(R) Management Engine Components\IPT;C:\Program Files (x86)\Intel\Intel(R) Management Engine Components\IPT;C:\Program Files\Intel\WiFi\bin\;C:\Program Files\Common Files\Intel\WirelessCommon\;C:\ProgramData\chocolatey\bin;;C:\ProgramData\chocolatey\lib\Elixir/bin;C:\WINDOWS\system32;C:\WINDOWS;C:\WINDOWS\System32\Wbem;C:\WINDOWS\System32\WindowsPowerShell\v1.0\;C:\Program Files\dotnet\;C:\Program Files\Microsoft SQL Server\130\Tools\Binn\;C:\Users\Dulce\AppData\Local\Microsoft\WindowsApps;C:\Users\Dulce\AppData\Local\atom\bin;."/>
    <property name="java.specification.name" value="Java Platform API Specification"/>
    <property name="java.class.version" value="52.0"/>
    <property name="sun.management.compiler" value="HotSpot 64-Bit Tiered Compilers"/>
    <property name="os.version" value="10.0"/>
    <property name="user.home" value="C:\Users\Dulce"/>
    <property name="user.timezone" value="Europe/London"/>
    <property name="java.awt.printerjob" value="sun.awt.windows.WPrinterJob"/>
    <property name="java.specification.version" value="1.8"/>
    <property name="file.encoding" value="UTF-8"/>
    <property name="user.name" value="Dulce"/>
    <property name="java.class.path" value="C:\Program Files\NetBeans 8.2\java\maven\boot\plexus-classworlds-2.4.jar"/>
    <property name="java.vm.specification.version" value="1.8"/>
    <property name="sun.arch.data.model" value="64"/>
    <property name="java.home" value="C:\Program Files\Java\jdk1.8.0_141\jre"/>
    <property name="sun.java.command" value="org.codehaus.plexus.classworlds.launcher.Launcher -Dtest=impostos.TrabalhadorContaOutremTest -Dmaven.ext.class.path=C:\Program Files\NetBeans 8.2\java\maven-nblib\netbeans-eventspy.jar -Dfile.encoding=UTF-8 surefire:test"/>
    <property name="java.specification.vendor" value="Oracle Corporation"/>
    <property name="user.language" value="pt"/>
    <property name="awt.toolkit" value="sun.awt.windows.WToolkit"/>
    <property name="java.vm.info" value="mixed mode"/>
    <property name="java.version" value="1.8.0_141"/>
    <property name="java.ext.dirs" value="C:\Program Files\Java\jdk1.8.0_141\jre\lib\ext;C:\WINDOWS\Sun\Java\lib\ext"/>
    <property name="sun.boot.class.path" value="C:\Program Files\Java\jdk1.8.0_141\jre\lib\resources.jar;C:\Program Files\Java\jdk1.8.0_141\jre\lib\rt.jar;C:\Program Files\Java\jdk1.8.0_141\jre\lib\sunrsasign.jar;C:\Program Files\Java\jdk1.8.0_141\jre\lib\jsse.jar;C:\Program Files\Java\jdk1.8.0_141\jre\lib\jce.jar;C:\Program Files\Java\jdk1.8.0_141\jre\lib\charsets.jar;C:\Program Files\Java\jdk1.8.0_141\jre\lib\jfr.jar;C:\Program Files\Java\jdk1.8.0_141\jre\classes"/>
    <property name="java.vendor" value="Oracle Corporation"/>
    <property name="maven.home" value="C:\Program Files\NetBeans 8.2\java\maven"/>
    <property name="file.separator" value="\"/>
    <property name="java.vendor.url.bug" value="http://bugreport.sun.com/bugreport/"/>
    <property name="sun.cpu.endian" value="little"/>
    <property name="sun.io.unicode.encoding" value="UnicodeLittle"/>
    <property name="sun.desktop" value="windows"/>
    <property name="sun.cpu.isalist" value="amd64"/>
  </properties>
  <testcase classname="impostos.TrabalhadorContaOutremTest" name="testSetEscalao1RendimentosTrabalho" time="0">
    <skipped/>
  </testcase>
  <testcase classname="impostos.TrabalhadorContaOutremTest" name="testEqualsOtherCases" time="0.001"/>
  <testcase classname="impostos.TrabalhadorContaOutremTest" name="testEqualsSuper" time="0.005"/>
  <testcase classname="impostos.TrabalhadorContaOutremTest" name="testGetTaxaRendimentosTrabalho1" time="0.006">
    <skipped/>
  </testcase>
  <testcase classname="impostos.TrabalhadorContaOutremTest" name="testGetTaxaRendimentosTrabalho2" time="0.007">
    <skipped/>
  </testcase>
  <testcase classname="impostos.TrabalhadorContaOutremTest" name="testGetEmpresa" time="0.007">
    <skipped/>
  </testcase>
  <testcase classname="impostos.TrabalhadorContaOutremTest" name="testToString" time="0.008">
    <skipped/>
  </testcase>
  <testcase classname="impostos.TrabalhadorContaOutremTest" name="testObterTaxaOutrosRendimentos" time="0.008">
    <skipped/>
  </testcase>
  <testcase classname="impostos.TrabalhadorContaOutremTest" name="testSetTaxaOutrosRendimentos" time="0.008">
    <skipped/>
  </testcase>
  <testcase classname="impostos.TrabalhadorContaOutremTest" name="testSetEmpresa" time="0.009">
    <skipped/>
  </testcase>
  <testcase classname="impostos.TrabalhadorContaOutremTest" name="testGetTaxaOutrosRendimentos" time="0.009">
    <skipped/>
  </testcase>
  <testcase classname="impostos.TrabalhadorContaOutremTest" name="testSetTaxaRendimentosTrabalho1" time="0.009">
    <skipped/>
  </testcase>
  <testcase classname="impostos.TrabalhadorContaOutremTest" name="testSetTaxaRendimentosTrabalho2" time="0.009">
    <skipped/>
  </testcase>
  <testcase classname="impostos.TrabalhadorContaOutremTest" name="testObterTaxaRendimentosTrabalho" time="0.009">
    <skipped/>
  </testcase>
  <testcase classname="impostos.TrabalhadorContaOutremTest" name="testGetEscalao1RendimentosTrabalho" time="0.009">
    <skipped/>
  </testcase>
</testsuite>